{"logTime": "1202/103247", "correlationVector":"K0nLwHBDHjfeVZT/ZVQRnP.1","action":"SyncServerConnectionManagerRequest", "result":"SYNC_SERVER_OK", "context":{"environment":"Prod_southindia_prod-s01-004-apac-southindia", "migrationStage":"NotStarted", "server":"akswtt023000013"}}
{"logTime": "1202/103248", "correlationVector":"K0nLwHBDHjfeVZT/ZVQRnP.2","action":"ProcessGetUpdates", "result":"Done", "context":{"dataType":"Encryption Keys", "deleted":"0", "process_failed_to_decrypt":"0", "process_pending_decryption":"0", "process_success":"1", "total":"1"}}
{"logTime": "1202/103249", "correlationVector":"4g8y4pXDlsl3XbPby5fsqi","action":"SyncServerConnectionManagerRequest", "result":"SYNC_SERVER_OK", "context":{"environment":"", "migrationStage":"", "server":""}}
{"logTime": "1202/103249", "correlationVector":"4g8y4pXDlsl3XbPby5fsqi.0","action":"EncryptionKeysFetcher.DownloadKeys:", "result":"Success", "context":Key count: 6, Last key timestamp: 2025-07-04T10:00:31Z}
{"logTime": "1202/103249", "correlationVector":"4g8y4pXDlsl3XbPby5fsqi.1","action":"EncryptionKeysManager::SetEncryptionKeys:", "result":"Success", "context":Key names[6]:[BEqcXqrgy1bZRcbFY6iK62+d2VYhI3K5MFJW8+C6K0kaBaKNGwZeKyWZwH8i2ASZlnLhsU6r6UkQ+Sa3ciebMA==][lKfAbSHN19gfYSGeTyMFP+4zxypVlcOBN/gaYWYkq6BPeDhMLLl6v6p3SjlQmm+cEH0HSMfJpFtFh5mY1cmRJg==][2eC9tuN4/4YRSMW2MffQ10VQwI+xYS3HCsnWc9ecBOL3xoUButGGL1SIiwnSHZidn74MhfErJ+hUACZEjZdbPg==][ARTtrzzaWu2M7xVIx2sLND1oSZfrdRjU+mC1FpcUQiy8Nm40tlJE6jHfpGf7SitZ0wy82cHH4kYBORpgQlfIpA==][5py8mqqnANC9L/H9qC6CuQ2UAD+II5RshE3C8YiUc5qqF68GsxR3jrOcRSYdCc2pWSkJAy3S1vATVroi2uA7MQ==][+h0bE1Fi5qTkRdzLcC6Nvib9o0APnCxW0kNOTv+5IMnzM0SGC+oj3r0/U1dfyFtiiwR66C5Z7Fb5Z2hfTjH8bg==]}
{"logTime": "1202/103249", "correlationVector":"4g8y4pXDlsl3XbPby5fsqi.2","action":"EncryptionKeysManager::SetEncryptionKeysWithTimestamps:", "result":"Success", "context":Key timestamps[6]:[2023-10-22T06:14:34Z][2023-12-03T11:10:43Z][2024-01-07T07:37:07Z][2024-07-07T05:42:45Z][2025-01-04T07:04:08Z][2025-07-04T10:00:31Z]}
{"logTime": "1202/103249", "correlationVector":"K0nLwHBDHjfeVZT/ZVQRnP","action":"Initial GetUpdates", "result":"", "context":Reason: NEW_CLIENT. cV=K0nLwHBDHjfeVZT/ZVQRnP}
{"logTime": "1202/103249", "correlationVector":"K0nLwHBDHjfeVZT/ZVQRnP.3","action":"GetUpdates Response", "result":"Success", "context":Received 1 update(s). cV=K0nLwHBDHjfeVZT/ZVQRnP.0;server=akswtt023000013;cloudType=Consumer;environment=Prod_southindia_prod-s01-004-apac-southindia;migrationStage=NotStarted}
{"logTime": "1202/103249", "correlationVector":"6wqnQqrnVg/AqwzxvIC6dl","action":"Initial GetUpdates", "result":"", "context":Reason: NEWLY_SUPPORTED_DATATYPE. cV=6wqnQqrnVg/AqwzxvIC6dl}
{"logTime": "1202/103249", "correlationVector":"6wqnQqrnVg/AqwzxvIC6dl.1","action":"SyncServerConnectionManagerRequest", "result":"SYNC_SERVER_OK", "context":{"environment":"Prod_southindia_prod-s01-004-apac-southindia", "migrationStage":"NotStarted", "server":"akswtt02300001x"}}
{"logTime": "1202/103249", "correlationVector":"6wqnQqrnVg/AqwzxvIC6dl.2","action":"ProcessGetUpdates", "result":"Done", "context":{"dataType":"Preferences", "deleted":"0", "process_failed_to_decrypt":"0", "process_pending_decryption":"0", "process_success":"45", "total":"45"}}
{"logTime": "1202/103249", "correlationVector":"6wqnQqrnVg/AqwzxvIC6dl.3","action":"ProcessGetUpdates", "result":"Done", "context":{"dataType":"Device Info", "deleted":"0", "process_failed_to_decrypt":"0", "process_pending_decryption":"0", "process_success":"44", "total":"44"}}
{"logTime": "1202/103249", "correlationVector":"6wqnQqrnVg/AqwzxvIC6dl.4","action":"GetUpdates Response", "result":"Success", "context":Received 89 update(s). cV=6wqnQqrnVg/AqwzxvIC6dl.0;server=akswtt02300001x;cloudType=Consumer;environment=Prod_southindia_prod-s01-004-apac-southindia;migrationStage=NotStarted}
{"logTime": "1202/103249", "correlationVector":"I3ccWkevZ2TrdLMLN687TN","action":"Initial GetUpdates", "result":"", "context":Reason: NEWLY_SUPPORTED_DATATYPE. cV=I3ccWkevZ2TrdLMLN687TN}
{"logTime": "1202/103250", "correlationVector":"I3ccWkevZ2TrdLMLN687TN.1","action":"SyncServerConnectionManagerRequest", "result":"SYNC_SERVER_OK", "context":{"environment":"Prod_southindia_prod-s01-004-apac-southindia", "migrationStage":"NotStarted", "server":"akswtt023000028"}}
{"logTime": "1202/103250", "correlationVector":"I3ccWkevZ2TrdLMLN687TN.2","action":"ProcessGetUpdates", "result":"Done", "context":{"dataType":"Bookmarks", "deleted":"0", "process_failed_to_decrypt":"0", "process_pending_decryption":"0", "process_success":"6", "total":"6"}}
{"logTime": "1202/103250", "correlationVector":"I3ccWkevZ2TrdLMLN687TN.3","action":"GetUpdates Response", "result":"Success", "context":Received 6 update(s). cV=I3ccWkevZ2TrdLMLN687TN.0;server=akswtt023000028;cloudType=Consumer;environment=Prod_southindia_prod-s01-004-apac-southindia;migrationStage=NotStarted}
{"logTime": "1202/103250", "correlationVector":"JoFTbYPugV7FIZwOVS8cpE","action":"Initial GetUpdates", "result":"", "context":Reason: NEWLY_SUPPORTED_DATATYPE. cV=JoFTbYPugV7FIZwOVS8cpE}
{"logTime": "1202/103251", "correlationVector":"JoFTbYPugV7FIZwOVS8cpE.1","action":"SyncServerConnectionManagerRequest", "result":"SYNC_SERVER_OK", "context":{"environment":"Prod_southindia_prod-s01-004-apac-southindia", "migrationStage":"NotStarted", "server":"akswtt02300001x"}}
{"logTime": "1202/103251", "correlationVector":"JoFTbYPugV7FIZwOVS8cpE.2","action":"ProcessGetUpdates", "result":"Done", "context":{"dataType":"Autofill", "deleted":"0", "process_failed_to_decrypt":"0", "process_pending_decryption":"0", "process_success":"1", "total":"1"}}
{"logTime": "1202/103251", "correlationVector":"JoFTbYPugV7FIZwOVS8cpE.3","action":"ProcessGetUpdates", "result":"Done", "context":{"dataType":"Sessions", "deleted":"232", "process_failed_to_decrypt":"0", "process_pending_decryption":"0", "process_success":"232", "total":"232"}}
{"logTime": "1202/103251", "correlationVector":"JoFTbYPugV7FIZwOVS8cpE.4","action":"ProcessGetUpdates", "result":"Done", "context":{"dataType":"Edge Hub App Usage", "deleted":"3", "process_failed_to_decrypt":"0", "process_pending_decryption":"0", "process_success":"17", "total":"17"}}
{"logTime": "1202/103251", "correlationVector":"JoFTbYPugV7FIZwOVS8cpE.5","action":"GetUpdates Response", "result":"Success", "context":Received 250 update(s). cV=JoFTbYPugV7FIZwOVS8cpE.0;server=akswtt02300001x;cloudType=Consumer;environment=Prod_southindia_prod-s01-004-apac-southindia;migrationStage=NotStarted Some updates remain.}
{"logTime": "1202/103251", "correlationVector":"d5hy9PNd6W3FcY6e4yrpF9","action":"Initial GetUpdates", "result":"", "context":Reason: NEWLY_SUPPORTED_DATATYPE. cV=d5hy9PNd6W3FcY6e4yrpF9}
{"logTime": "1202/103252", "correlationVector":"d5hy9PNd6W3FcY6e4yrpF9.1","action":"SyncServerConnectionManagerRequest", "result":"SYNC_SERVER_OK", "context":{"environment":"Prod_southindia_prod-s01-004-apac-southindia", "migrationStage":"NotStarted", "server":"akswtt023000028"}}
{"logTime": "1202/103252", "correlationVector":"d5hy9PNd6W3FcY6e4yrpF9.2","action":"ProcessGetUpdates", "result":"Done", "context":{"dataType":"Autofill Profiles", "deleted":"1", "process_failed_to_decrypt":"0", "process_pending_decryption":"0", "process_success":"1", "total":"1"}}
{"logTime": "1202/103252", "correlationVector":"d5hy9PNd6W3FcY6e4yrpF9.3","action":"ProcessGetUpdates", "result":"Done", "context":{"dataType":"Sessions", "deleted":"225", "process_failed_to_decrypt":"0", "process_pending_decryption":"0", "process_success":"225", "total":"225"}}
{"logTime": "1202/103252", "correlationVector":"d5hy9PNd6W3FcY6e4yrpF9.4","action":"ProcessGetUpdates", "result":"Done", "context":{"dataType":"Edge Hub App Usage", "deleted":"10", "process_failed_to_decrypt":"0", "process_pending_decryption":"0", "process_success":"24", "total":"24"}}
{"logTime": "1202/103252", "correlationVector":"d5hy9PNd6W3FcY6e4yrpF9.5","action":"GetUpdates Response", "result":"Success", "context":Received 250 update(s). cV=d5hy9PNd6W3FcY6e4yrpF9.0;server=akswtt023000028;cloudType=Consumer;environment=Prod_southindia_prod-s01-004-apac-southindia;migrationStage=NotStarted Some updates remain.}
{"logTime": "1202/103252", "correlationVector":"3zovCqKeV0rjAVoGJuWiiN","action":"Initial GetUpdates", "result":"", "context":Reason: NEWLY_SUPPORTED_DATATYPE. cV=3zovCqKeV0rjAVoGJuWiiN}
{"logTime": "1202/103252", "correlationVector":"3zovCqKeV0rjAVoGJuWiiN.1","action":"SyncServerConnectionManagerRequest", "result":"SYNC_SERVER_OK", "context":{"environment":"Prod_southindia_prod-s01-004-apac-southindia", "migrationStage":"NotStarted", "server":"akswtt02300001j"}}
{"logTime": "1202/103252", "correlationVector":"3zovCqKeV0rjAVoGJuWiiN.2","action":"ProcessGetUpdates", "result":"Done", "context":{"dataType":"Sessions", "deleted":"119", "process_failed_to_decrypt":"0", "process_pending_decryption":"0", "process_success":"135", "total":"135"}}
{"logTime": "1202/103252", "correlationVector":"3zovCqKeV0rjAVoGJuWiiN.3","action":"ProcessGetUpdates", "result":"Done", "context":{"dataType":"Edge Hub App Usage", "deleted":"0", "process_failed_to_decrypt":"0", "process_pending_decryption":"0", "process_success":"6", "total":"6"}}
{"logTime": "1202/103252", "correlationVector":"3zovCqKeV0rjAVoGJuWiiN.4","action":"GetUpdates Response", "result":"Success", "context":Received 141 update(s). cV=3zovCqKeV0rjAVoGJuWiiN.0;server=akswtt02300001j;cloudType=Consumer;environment=Prod_southindia_prod-s01-004-apac-southindia;migrationStage=NotStarted}
{"logTime": "1202/103252", "correlationVector":"SJt7Tcx2QoIWZRTwlB16IY","action":"Initial GetUpdates", "result":"", "context":Reason: NEWLY_SUPPORTED_DATATYPE. cV=SJt7Tcx2QoIWZRTwlB16IY}
{"logTime": "1202/103254", "correlationVector":"SJt7Tcx2QoIWZRTwlB16IY.1","action":"SyncServerConnectionManagerRequest", "result":"SYNC_SERVER_OK", "context":{"environment":"Prod_southindia_prod-s01-004-apac-southindia", "migrationStage":"NotStarted", "server":"akswtt02300000t"}}
{"logTime": "1202/103255", "correlationVector":"SJt7Tcx2QoIWZRTwlB16IY.2","action":"ProcessGetUpdates", "result":"Done", "context":{"dataType":"History", "deleted":"0", "process_failed_to_decrypt":"0", "process_pending_decryption":"0", "process_success":"250", "total":"250"}}
{"logTime": "1202/103255", "correlationVector":"SJt7Tcx2QoIWZRTwlB16IY.3","action":"GetUpdates Response", "result":"Success", "context":Received 250 update(s). cV=SJt7Tcx2QoIWZRTwlB16IY.0;server=akswtt02300000t;cloudType=Consumer;environment=Prod_southindia_prod-s01-004-apac-southindia;migrationStage=NotStarted Some updates remain.}
{"logTime": "1202/103255", "correlationVector":"1BFK2GdH9ESk6l48rPMvxi","action":"Initial GetUpdates", "result":"", "context":Reason: NEWLY_SUPPORTED_DATATYPE. cV=1BFK2GdH9ESk6l48rPMvxi}
{"logTime": "1202/103256", "correlationVector":"1BFK2GdH9ESk6l48rPMvxi.1","action":"SyncServerConnectionManagerRequest", "result":"SYNC_SERVER_OK", "context":{"environment":"Prod_southindia_prod-s01-004-apac-southindia", "migrationStage":"NotStarted", "server":"akswtt02300000n"}}
{"logTime": "1202/103256", "correlationVector":"1BFK2GdH9ESk6l48rPMvxi.2","action":"ProcessGetUpdates", "result":"Done", "context":{"dataType":"History", "deleted":"0", "process_failed_to_decrypt":"0", "process_pending_decryption":"0", "process_success":"250", "total":"250"}}
{"logTime": "1202/103256", "correlationVector":"1BFK2GdH9ESk6l48rPMvxi.3","action":"GetUpdates Response", "result":"Success", "context":Received 250 update(s). cV=1BFK2GdH9ESk6l48rPMvxi.0;server=akswtt02300000n;cloudType=Consumer;environment=Prod_southindia_prod-s01-004-apac-southindia;migrationStage=NotStarted Some updates remain.}
{"logTime": "1202/103256", "correlationVector":"E59sygcBr0K21r+lKzarEW","action":"Initial GetUpdates", "result":"", "context":Reason: NEWLY_SUPPORTED_DATATYPE. cV=E59sygcBr0K21r+lKzarEW}
{"logTime": "1202/103257", "correlationVector":"E59sygcBr0K21r+lKzarEW.1","action":"SyncServerConnectionManagerRequest", "result":"SYNC_SERVER_OK", "context":{"environment":"Prod_southindia_prod-s01-004-apac-southindia", "migrationStage":"NotStarted", "server":"akswtt02300000n"}}
{"logTime": "1202/103257", "correlationVector":"E59sygcBr0K21r+lKzarEW.2","action":"ProcessGetUpdates", "result":"Done", "context":{"dataType":"History", "deleted":"0", "process_failed_to_decrypt":"0", "process_pending_decryption":"0", "process_success":"250", "total":"250"}}
{"logTime": "1202/103257", "correlationVector":"E59sygcBr0K21r+lKzarEW.3","action":"GetUpdates Response", "result":"Success", "context":Received 250 update(s). cV=E59sygcBr0K21r+lKzarEW.0;server=akswtt02300000n;cloudType=Consumer;environment=Prod_southindia_prod-s01-004-apac-southindia;migrationStage=NotStarted Some updates remain.}
{"logTime": "1202/103257", "correlationVector":"sRh+zIu2tkryE51uEUdlE6","action":"Initial GetUpdates", "result":"", "context":Reason: NEWLY_SUPPORTED_DATATYPE. cV=sRh+zIu2tkryE51uEUdlE6}
{"logTime": "1202/103259", "correlationVector":"sRh+zIu2tkryE51uEUdlE6.1","action":"SyncServerConnectionManagerRequest", "result":"SYNC_SERVER_OK", "context":{"environment":"Prod_southindia_prod-s01-004-apac-southindia", "migrationStage":"NotStarted", "server":"akswtt02300000v"}}
{"logTime": "1202/103259", "correlationVector":"sRh+zIu2tkryE51uEUdlE6.2","action":"ProcessGetUpdates", "result":"Done", "context":{"dataType":"History", "deleted":"0", "process_failed_to_decrypt":"0", "process_pending_decryption":"0", "process_success":"250", "total":"250"}}
{"logTime": "1202/103259", "correlationVector":"sRh+zIu2tkryE51uEUdlE6.3","action":"GetUpdates Response", "result":"Success", "context":Received 250 update(s). cV=sRh+zIu2tkryE51uEUdlE6.0;server=akswtt02300000v;cloudType=Consumer;environment=Prod_southindia_prod-s01-004-apac-southindia;migrationStage=NotStarted Some updates remain.}
{"logTime": "1202/103259", "correlationVector":"LqQIWXfnHfvezhsN4SjsCN","action":"Initial GetUpdates", "result":"", "context":Reason: NEWLY_SUPPORTED_DATATYPE. cV=LqQIWXfnHfvezhsN4SjsCN}
{"logTime": "1202/103300", "correlationVector":"LqQIWXfnHfvezhsN4SjsCN.1","action":"SyncServerConnectionManagerRequest", "result":"SYNC_SERVER_OK", "context":{"environment":"Prod_southindia_prod-s01-004-apac-southindia", "migrationStage":"NotStarted", "server":"akswtt02300000h"}}
{"logTime": "1202/103300", "correlationVector":"LqQIWXfnHfvezhsN4SjsCN.2","action":"ProcessGetUpdates", "result":"Done", "context":{"dataType":"History", "deleted":"0", "process_failed_to_decrypt":"0", "process_pending_decryption":"0", "process_success":"250", "total":"250"}}
{"logTime": "1202/103300", "correlationVector":"LqQIWXfnHfvezhsN4SjsCN.3","action":"GetUpdates Response", "result":"Success", "context":Received 250 update(s). cV=LqQIWXfnHfvezhsN4SjsCN.0;server=akswtt02300000h;cloudType=Consumer;environment=Prod_southindia_prod-s01-004-apac-southindia;migrationStage=NotStarted Some updates remain.}
{"logTime": "1202/103300", "correlationVector":"hz/yAC9VJWYrZYnZnWJeC6","action":"Initial GetUpdates", "result":"", "context":Reason: NEWLY_SUPPORTED_DATATYPE. cV=hz/yAC9VJWYrZYnZnWJeC6}
{"logTime": "1202/103301", "correlationVector":"hz/yAC9VJWYrZYnZnWJeC6.1","action":"SyncServerConnectionManagerRequest", "result":"SYNC_SERVER_OK", "context":{"environment":"Prod_southindia_prod-s01-004-apac-southindia", "migrationStage":"NotStarted", "server":"akswtt023000010"}}
{"logTime": "1202/103301", "correlationVector":"hz/yAC9VJWYrZYnZnWJeC6.2","action":"ProcessGetUpdates", "result":"Done", "context":{"dataType":"History", "deleted":"0", "process_failed_to_decrypt":"0", "process_pending_decryption":"0", "process_success":"250", "total":"250"}}
{"logTime": "1202/103301", "correlationVector":"hz/yAC9VJWYrZYnZnWJeC6.3","action":"GetUpdates Response", "result":"Success", "context":Received 250 update(s). cV=hz/yAC9VJWYrZYnZnWJeC6.0;server=akswtt023000010;cloudType=Consumer;environment=Prod_southindia_prod-s01-004-apac-southindia;migrationStage=NotStarted Some updates remain.}
{"logTime": "1202/103301", "correlationVector":"fBwjQ9w3t7Rhp0/wcsIc4m","action":"Initial GetUpdates", "result":"", "context":Reason: NEWLY_SUPPORTED_DATATYPE. cV=fBwjQ9w3t7Rhp0/wcsIc4m}
{"logTime": "1202/103302", "correlationVector":"fBwjQ9w3t7Rhp0/wcsIc4m.1","action":"SyncServerConnectionManagerRequest", "result":"SYNC_SERVER_OK", "context":{"environment":"Prod_southindia_prod-s01-004-apac-southindia", "migrationStage":"NotStarted", "server":"akswtt02300000t"}}
{"logTime": "1202/103302", "correlationVector":"fBwjQ9w3t7Rhp0/wcsIc4m.2","action":"ProcessGetUpdates", "result":"Done", "context":{"dataType":"History", "deleted":"0", "process_failed_to_decrypt":"0", "process_pending_decryption":"0", "process_success":"250", "total":"250"}}
{"logTime": "1202/103302", "correlationVector":"fBwjQ9w3t7Rhp0/wcsIc4m.3","action":"GetUpdates Response", "result":"Success", "context":Received 250 update(s). cV=fBwjQ9w3t7Rhp0/wcsIc4m.0;server=akswtt02300000t;cloudType=Consumer;environment=Prod_southindia_prod-s01-004-apac-southindia;migrationStage=NotStarted Some updates remain.}
{"logTime": "1202/103302", "correlationVector":"xXM6pY6m2OomerBtPt0cyn","action":"Initial GetUpdates", "result":"", "context":Reason: NEWLY_SUPPORTED_DATATYPE. cV=xXM6pY6m2OomerBtPt0cyn}
{"logTime": "1202/103303", "correlationVector":"xXM6pY6m2OomerBtPt0cyn.1","action":"SyncServerConnectionManagerRequest", "result":"SYNC_SERVER_OK", "context":{"environment":"Prod_southindia_prod-s01-004-apac-southindia", "migrationStage":"NotStarted", "server":"akswtt02300001j"}}
{"logTime": "1202/103303", "correlationVector":"xXM6pY6m2OomerBtPt0cyn.2","action":"ProcessGetUpdates", "result":"Done", "context":{"dataType":"History", "deleted":"0", "process_failed_to_decrypt":"0", "process_pending_decryption":"0", "process_success":"250", "total":"250"}}
{"logTime": "1202/103303", "correlationVector":"xXM6pY6m2OomerBtPt0cyn.3","action":"GetUpdates Response", "result":"Success", "context":Received 250 update(s). cV=xXM6pY6m2OomerBtPt0cyn.0;server=akswtt02300001j;cloudType=Consumer;environment=Prod_southindia_prod-s01-004-apac-southindia;migrationStage=NotStarted Some updates remain.}
{"logTime": "1202/103303", "correlationVector":"eqg7vcggMhJYOpc/1hXbnz","action":"Initial GetUpdates", "result":"", "context":Reason: NEWLY_SUPPORTED_DATATYPE. cV=eqg7vcggMhJYOpc/1hXbnz}
{"logTime": "1202/103304", "correlationVector":"eqg7vcggMhJYOpc/1hXbnz.1","action":"SyncServerConnectionManagerRequest", "result":"SYNC_SERVER_OK", "context":{"environment":"Prod_southindia_prod-s01-004-apac-southindia", "migrationStage":"NotStarted", "server":"akswtt023000017"}}
{"logTime": "1202/103304", "correlationVector":"eqg7vcggMhJYOpc/1hXbnz.2","action":"ProcessGetUpdates", "result":"Done", "context":{"dataType":"History", "deleted":"0", "process_failed_to_decrypt":"0", "process_pending_decryption":"0", "process_success":"250", "total":"250"}}
{"logTime": "1202/103304", "correlationVector":"eqg7vcggMhJYOpc/1hXbnz.3","action":"GetUpdates Response", "result":"Success", "context":Received 250 update(s). cV=eqg7vcggMhJYOpc/1hXbnz.0;server=akswtt023000017;cloudType=Consumer;environment=Prod_southindia_prod-s01-004-apac-southindia;migrationStage=NotStarted Some updates remain.}
{"logTime": "1202/103304", "correlationVector":"kRNxfLdOHzLbmIxKF4aj9g","action":"Initial GetUpdates", "result":"", "context":Reason: NEWLY_SUPPORTED_DATATYPE. cV=kRNxfLdOHzLbmIxKF4aj9g}
{"logTime": "1202/103305", "correlationVector":"kRNxfLdOHzLbmIxKF4aj9g.1","action":"SyncServerConnectionManagerRequest", "result":"SYNC_SERVER_OK", "context":{"environment":"Prod_southindia_prod-s01-004-apac-southindia", "migrationStage":"NotStarted", "server":"akswtt02300000n"}}
{"logTime": "1202/103305", "correlationVector":"kRNxfLdOHzLbmIxKF4aj9g.2","action":"ProcessGetUpdates", "result":"Done", "context":{"dataType":"History", "deleted":"0", "process_failed_to_decrypt":"0", "process_pending_decryption":"0", "process_success":"250", "total":"250"}}
{"logTime": "1202/103305", "correlationVector":"kRNxfLdOHzLbmIxKF4aj9g.3","action":"GetUpdates Response", "result":"Success", "context":Received 250 update(s). cV=kRNxfLdOHzLbmIxKF4aj9g.0;server=akswtt02300000n;cloudType=Consumer;environment=Prod_southindia_prod-s01-004-apac-southindia;migrationStage=NotStarted Some updates remain.}
{"logTime": "1202/103305", "correlationVector":"bPbuY6730dFjv+XxY4Z6Kf","action":"Initial GetUpdates", "result":"", "context":Reason: NEWLY_SUPPORTED_DATATYPE. cV=bPbuY6730dFjv+XxY4Z6Kf}
{"logTime": "1202/103306", "correlationVector":"bPbuY6730dFjv+XxY4Z6Kf.1","action":"SyncServerConnectionManagerRequest", "result":"SYNC_SERVER_OK", "context":{"environment":"Prod_southindia_prod-s01-004-apac-southindia", "migrationStage":"NotStarted", "server":"akswtt02300001f"}}
{"logTime": "1202/103306", "correlationVector":"bPbuY6730dFjv+XxY4Z6Kf.2","action":"ProcessGetUpdates", "result":"Done", "context":{"dataType":"History", "deleted":"0", "process_failed_to_decrypt":"0", "process_pending_decryption":"0", "process_success":"250", "total":"250"}}
{"logTime": "1202/103306", "correlationVector":"bPbuY6730dFjv+XxY4Z6Kf.3","action":"GetUpdates Response", "result":"Success", "context":Received 250 update(s). cV=bPbuY6730dFjv+XxY4Z6Kf.0;server=akswtt02300001f;cloudType=Consumer;environment=Prod_southindia_prod-s01-004-apac-southindia;migrationStage=NotStarted Some updates remain.}
{"logTime": "1202/103306", "correlationVector":"MlBvAx8ZPyd7uaha6t1iM3","action":"Initial GetUpdates", "result":"", "context":Reason: NEWLY_SUPPORTED_DATATYPE. cV=MlBvAx8ZPyd7uaha6t1iM3}
{"logTime": "1202/103306", "correlationVector":"MlBvAx8ZPyd7uaha6t1iM3.1","action":"SyncServerConnectionManagerRequest", "result":"SYNC_SERVER_OK", "context":{"environment":"Prod_southindia_prod-s01-004-apac-southindia", "migrationStage":"NotStarted", "server":"akswtt02300001r"}}
{"logTime": "1202/103306", "correlationVector":"MlBvAx8ZPyd7uaha6t1iM3.2","action":"ProcessGetUpdates", "result":"Done", "context":{"dataType":"History", "deleted":"0", "process_failed_to_decrypt":"0", "process_pending_decryption":"0", "process_success":"250", "total":"250"}}
{"logTime": "1202/103306", "correlationVector":"MlBvAx8ZPyd7uaha6t1iM3.3","action":"GetUpdates Response", "result":"Success", "context":Received 250 update(s). cV=MlBvAx8ZPyd7uaha6t1iM3.0;server=akswtt02300001r;cloudType=Consumer;environment=Prod_southindia_prod-s01-004-apac-southindia;migrationStage=NotStarted Some updates remain.}
{"logTime": "1202/103306", "correlationVector":"tHRcis1N23Y7CiuF9QAJmL","action":"Initial GetUpdates", "result":"", "context":Reason: NEWLY_SUPPORTED_DATATYPE. cV=tHRcis1N23Y7CiuF9QAJmL}
{"logTime": "1202/103307", "correlationVector":"tHRcis1N23Y7CiuF9QAJmL.1","action":"SyncServerConnectionManagerRequest", "result":"SYNC_SERVER_OK", "context":{"environment":"Prod_southindia_prod-s01-004-apac-southindia", "migrationStage":"NotStarted", "server":"akswtt023000028"}}
{"logTime": "1202/103307", "correlationVector":"tHRcis1N23Y7CiuF9QAJmL.2","action":"ProcessGetUpdates", "result":"Done", "context":{"dataType":"History", "deleted":"0", "process_failed_to_decrypt":"0", "process_pending_decryption":"0", "process_success":"250", "total":"250"}}
{"logTime": "1202/103307", "correlationVector":"tHRcis1N23Y7CiuF9QAJmL.3","action":"GetUpdates Response", "result":"Success", "context":Received 250 update(s). cV=tHRcis1N23Y7CiuF9QAJmL.0;server=akswtt023000028;cloudType=Consumer;environment=Prod_southindia_prod-s01-004-apac-southindia;migrationStage=NotStarted Some updates remain.}
{"logTime": "1202/103307", "correlationVector":"C80qE0Hd1zxlW857uQNkTO","action":"Initial GetUpdates", "result":"", "context":Reason: NEWLY_SUPPORTED_DATATYPE. cV=C80qE0Hd1zxlW857uQNkTO}
{"logTime": "1202/103310", "correlationVector":"C80qE0Hd1zxlW857uQNkTO.1","action":"SyncServerConnectionManagerRequest", "result":"SYNC_SERVER_OK", "context":{"environment":"Prod_southindia_prod-s01-004-apac-southindia", "migrationStage":"NotStarted", "server":"akswtt02300001j"}}
{"logTime": "1202/103310", "correlationVector":"C80qE0Hd1zxlW857uQNkTO.2","action":"ProcessGetUpdates", "result":"Done", "context":{"dataType":"History", "deleted":"0", "process_failed_to_decrypt":"0", "process_pending_decryption":"0", "process_success":"250", "total":"250"}}
{"logTime": "1202/103310", "correlationVector":"C80qE0Hd1zxlW857uQNkTO.3","action":"GetUpdates Response", "result":"Success", "context":Received 250 update(s). cV=C80qE0Hd1zxlW857uQNkTO.0;server=akswtt02300001j;cloudType=Consumer;environment=Prod_southindia_prod-s01-004-apac-southindia;migrationStage=NotStarted Some updates remain.}
{"logTime": "1202/103310", "correlationVector":"EL8Td5OZf7V72sT6KATIp3","action":"Initial GetUpdates", "result":"", "context":Reason: NEWLY_SUPPORTED_DATATYPE. cV=EL8Td5OZf7V72sT6KATIp3}
{"logTime": "1202/103311", "correlationVector":"EL8Td5OZf7V72sT6KATIp3.1","action":"SyncServerConnectionManagerRequest", "result":"SYNC_SERVER_OK", "context":{"environment":"Prod_southindia_prod-s01-004-apac-southindia", "migrationStage":"NotStarted", "server":"akswtt02300001v"}}
{"logTime": "1202/103311", "correlationVector":"EL8Td5OZf7V72sT6KATIp3.2","action":"ProcessGetUpdates", "result":"Done", "context":{"dataType":"History", "deleted":"0", "process_failed_to_decrypt":"0", "process_pending_decryption":"0", "process_success":"250", "total":"250"}}
{"logTime": "1202/103311", "correlationVector":"EL8Td5OZf7V72sT6KATIp3.3","action":"GetUpdates Response", "result":"Success", "context":Received 250 update(s). cV=EL8Td5OZf7V72sT6KATIp3.0;server=akswtt02300001v;cloudType=Consumer;environment=Prod_southindia_prod-s01-004-apac-southindia;migrationStage=NotStarted Some updates remain.}
{"logTime": "1202/103311", "correlationVector":"MBG/5JCPQArq89NLrlnznq","action":"Initial GetUpdates", "result":"", "context":Reason: NEWLY_SUPPORTED_DATATYPE. cV=MBG/5JCPQArq89NLrlnznq}
{"logTime": "1202/103312", "correlationVector":"MBG/5JCPQArq89NLrlnznq.1","action":"SyncServerConnectionManagerRequest", "result":"SYNC_SERVER_OK", "context":{"environment":"Prod_southindia_prod-s01-004-apac-southindia", "migrationStage":"NotStarted", "server":"akswtt023000017"}}
{"logTime": "1202/103312", "correlationVector":"MBG/5JCPQArq89NLrlnznq.2","action":"ProcessGetUpdates", "result":"Done", "context":{"dataType":"History", "deleted":"0", "process_failed_to_decrypt":"0", "process_pending_decryption":"0", "process_success":"250", "total":"250"}}
{"logTime": "1202/103312", "correlationVector":"MBG/5JCPQArq89NLrlnznq.3","action":"GetUpdates Response", "result":"Success", "context":Received 250 update(s). cV=MBG/5JCPQArq89NLrlnznq.0;server=akswtt023000017;cloudType=Consumer;environment=Prod_southindia_prod-s01-004-apac-southindia;migrationStage=NotStarted Some updates remain.}
{"logTime": "1202/103312", "correlationVector":"OvTaQHi3zbZ9qcOXdB+6Vb","action":"Initial GetUpdates", "result":"", "context":Reason: NEWLY_SUPPORTED_DATATYPE. cV=OvTaQHi3zbZ9qcOXdB+6Vb}
{"logTime": "1202/103312", "correlationVector":"OvTaQHi3zbZ9qcOXdB+6Vb.1","action":"SyncServerConnectionManagerRequest", "result":"SYNC_SERVER_OK", "context":{"environment":"Prod_southindia_prod-s01-004-apac-southindia", "migrationStage":"NotStarted", "server":"akswtt023000015"}}
{"logTime": "1202/103312", "correlationVector":"OvTaQHi3zbZ9qcOXdB+6Vb.2","action":"ProcessGetUpdates", "result":"Done", "context":{"dataType":"History", "deleted":"0", "process_failed_to_decrypt":"0", "process_pending_decryption":"0", "process_success":"250", "total":"250"}}
{"logTime": "1202/103312", "correlationVector":"OvTaQHi3zbZ9qcOXdB+6Vb.3","action":"GetUpdates Response", "result":"Success", "context":Received 250 update(s). cV=OvTaQHi3zbZ9qcOXdB+6Vb.0;server=akswtt023000015;cloudType=Consumer;environment=Prod_southindia_prod-s01-004-apac-southindia;migrationStage=NotStarted Some updates remain.}
{"logTime": "1202/103312", "correlationVector":"sVGI4OTGrXKQsMqkh8zlAB","action":"Initial GetUpdates", "result":"", "context":Reason: NEWLY_SUPPORTED_DATATYPE. cV=sVGI4OTGrXKQsMqkh8zlAB}
{"logTime": "1202/103313", "correlationVector":"sVGI4OTGrXKQsMqkh8zlAB.1","action":"SyncServerConnectionManagerRequest", "result":"SYNC_SERVER_OK", "context":{"environment":"Prod_southindia_prod-s01-004-apac-southindia", "migrationStage":"NotStarted", "server":"akswtt02300001l"}}
{"logTime": "1202/103313", "correlationVector":"sVGI4OTGrXKQsMqkh8zlAB.2","action":"ProcessGetUpdates", "result":"Done", "context":{"dataType":"History", "deleted":"0", "process_failed_to_decrypt":"0", "process_pending_decryption":"0", "process_success":"250", "total":"250"}}
{"logTime": "1202/103313", "correlationVector":"sVGI4OTGrXKQsMqkh8zlAB.3","action":"GetUpdates Response", "result":"Success", "context":Received 250 update(s). cV=sVGI4OTGrXKQsMqkh8zlAB.0;server=akswtt02300001l;cloudType=Consumer;environment=Prod_southindia_prod-s01-004-apac-southindia;migrationStage=NotStarted Some updates remain.}
{"logTime": "1202/103313", "correlationVector":"oix7+DAoQJXwph6R40WGhz","action":"Initial GetUpdates", "result":"", "context":Reason: NEWLY_SUPPORTED_DATATYPE. cV=oix7+DAoQJXwph6R40WGhz}
{"logTime": "1202/103314", "correlationVector":"oix7+DAoQJXwph6R40WGhz.1","action":"SyncServerConnectionManagerRequest", "result":"SYNC_SERVER_OK", "context":{"environment":"Prod_southindia_prod-s01-004-apac-southindia", "migrationStage":"NotStarted", "server":"akswtt023000017"}}
{"logTime": "1202/103314", "correlationVector":"oix7+DAoQJXwph6R40WGhz.2","action":"ProcessGetUpdates", "result":"Done", "context":{"dataType":"History", "deleted":"0", "process_failed_to_decrypt":"0", "process_pending_decryption":"0", "process_success":"250", "total":"250"}}
{"logTime": "1202/103314", "correlationVector":"oix7+DAoQJXwph6R40WGhz.3","action":"GetUpdates Response", "result":"Success", "context":Received 250 update(s). cV=oix7+DAoQJXwph6R40WGhz.0;server=akswtt023000017;cloudType=Consumer;environment=Prod_southindia_prod-s01-004-apac-southindia;migrationStage=NotStarted Some updates remain.}
{"logTime": "1202/103314", "correlationVector":"6vVLh4Ckotqc32UVpipyXY","action":"Initial GetUpdates", "result":"", "context":Reason: NEWLY_SUPPORTED_DATATYPE. cV=6vVLh4Ckotqc32UVpipyXY}
{"logTime": "1202/103315", "correlationVector":"6vVLh4Ckotqc32UVpipyXY.1","action":"SyncServerConnectionManagerRequest", "result":"SYNC_SERVER_OK", "context":{"environment":"Prod_southindia_prod-s01-004-apac-southindia", "migrationStage":"NotStarted", "server":"akswtt023000015"}}
{"logTime": "1202/103315", "correlationVector":"6vVLh4Ckotqc32UVpipyXY.2","action":"ProcessGetUpdates", "result":"Done", "context":{"dataType":"History", "deleted":"0", "process_failed_to_decrypt":"0", "process_pending_decryption":"0", "process_success":"250", "total":"250"}}
{"logTime": "1202/103315", "correlationVector":"6vVLh4Ckotqc32UVpipyXY.3","action":"GetUpdates Response", "result":"Success", "context":Received 250 update(s). cV=6vVLh4Ckotqc32UVpipyXY.0;server=akswtt023000015;cloudType=Consumer;environment=Prod_southindia_prod-s01-004-apac-southindia;migrationStage=NotStarted Some updates remain.}
{"logTime": "1202/103315", "correlationVector":"Fmnc61jrgTUXCX3Kz3oFYR","action":"Initial GetUpdates", "result":"", "context":Reason: NEWLY_SUPPORTED_DATATYPE. cV=Fmnc61jrgTUXCX3Kz3oFYR}
{"logTime": "1202/103316", "correlationVector":"Fmnc61jrgTUXCX3Kz3oFYR.1","action":"SyncServerConnectionManagerRequest", "result":"SYNC_SERVER_OK", "context":{"environment":"Prod_southindia_prod-s01-004-apac-southindia", "migrationStage":"NotStarted", "server":"akswtt02300001l"}}
{"logTime": "1202/103316", "correlationVector":"Fmnc61jrgTUXCX3Kz3oFYR.2","action":"ProcessGetUpdates", "result":"Done", "context":{"dataType":"History", "deleted":"0", "process_failed_to_decrypt":"0", "process_pending_decryption":"0", "process_success":"250", "total":"250"}}
{"logTime": "1202/103316", "correlationVector":"Fmnc61jrgTUXCX3Kz3oFYR.3","action":"GetUpdates Response", "result":"Success", "context":Received 250 update(s). cV=Fmnc61jrgTUXCX3Kz3oFYR.0;server=akswtt02300001l;cloudType=Consumer;environment=Prod_southindia_prod-s01-004-apac-southindia;migrationStage=NotStarted Some updates remain.}
{"logTime": "1202/103316", "correlationVector":"4KE3KJZO69FB7HaB1G0jC8","action":"Initial GetUpdates", "result":"", "context":Reason: NEWLY_SUPPORTED_DATATYPE. cV=4KE3KJZO69FB7HaB1G0jC8}
{"logTime": "1202/103317", "correlationVector":"4KE3KJZO69FB7HaB1G0jC8.1","action":"SyncServerConnectionManagerRequest", "result":"SYNC_SERVER_OK", "context":{"environment":"Prod_southindia_prod-s01-004-apac-southindia", "migrationStage":"NotStarted", "server":"akswtt023000015"}}
{"logTime": "1202/103317", "correlationVector":"4KE3KJZO69FB7HaB1G0jC8.2","action":"ProcessGetUpdates", "result":"Done", "context":{"dataType":"History", "deleted":"0", "process_failed_to_decrypt":"0", "process_pending_decryption":"0", "process_success":"226", "total":"226"}}
{"logTime": "1202/103317", "correlationVector":"4KE3KJZO69FB7HaB1G0jC8.3","action":"GetUpdates Response", "result":"Success", "context":Received 226 update(s). cV=4KE3KJZO69FB7HaB1G0jC8.0;server=akswtt023000015;cloudType=Consumer;environment=Prod_southindia_prod-s01-004-apac-southindia;migrationStage=NotStarted}
{"logTime": "1202/103317", "correlationVector":"oWgVLYZIPIepJEsJntzBHd","action":"Normal GetUpdate request", "result":"", "context":cV=oWgVLYZIPIepJEsJntzBHd
Nudged types: Sessions, Device Info, User Consents, History, Edge Hub App Usage
Refresh requested types: Bookmarks, Preferences, Passwords, Autofill Profiles, Autofill, Extensions, Sessions, Extension settings, History Delete Directives, Device Info, User Consents, Send Tab To Self, Web Apps, History, Saved Tab Group, WebAuthn Credentials, Collection, Edge E Drop, Edge Hub App Usage, Edge Wallet, Encryption Keys}
{"logTime": "1202/103318", "correlationVector":"oWgVLYZIPIepJEsJntzBHd.1","action":"SyncServerConnectionManagerRequest", "result":"SYNC_SERVER_OK", "context":{"environment":"Prod_southindia_prod-s01-004-apac-southindia", "migrationStage":"NotStarted", "server":"akswtt023000026"}}
{"logTime": "1202/103318", "correlationVector":"oWgVLYZIPIepJEsJntzBHd.2","action":"GetUpdates Response", "result":"Success", "context":Received 0 update(s). cV=oWgVLYZIPIepJEsJntzBHd.0;server=akswtt023000026;cloudType=Consumer;environment=Prod_southindia_prod-s01-004-apac-southindia;migrationStage=NotStarted}
{"logTime": "1202/103318", "correlationVector":"7w3+BmH5D9jdnDZqSxBMxR","action":"Commit Request", "result":"", "context":Item count: 7
Contributing types: Sessions, Device Info, User Consents, History, Edge Hub App Usage}
{"logTime": "1202/103319", "correlationVector":"7w3+BmH5D9jdnDZqSxBMxR.1","action":"SyncServerConnectionManagerRequest", "result":"SYNC_SERVER_OK", "context":{"environment":"Prod_southindia_prod-s01-004-apac-southindia", "migrationStage":"NotStarted", "server":"akswtt02300000v"}}
{"logTime": "1202/103319", "correlationVector":"7w3+BmH5D9jdnDZqSxBMxR.2","action":"Commit Response", "result":"Success", "context":Result: Success. cV=7w3+BmH5D9jdnDZqSxBMxR.0;server=akswtt02300000v;cloudType=Consumer;environment=Prod_southindia_prod-s01-004-apac-southindia;migrationStage=NotStarted}
{"logTime": "1202/103427", "correlationVector":"bCmOhj4XqCN8oRgzU6W7Yr","action":"Commit Request", "result":"", "context":Item count: 2
Contributing types: Sessions, History}
{"logTime": "1202/103428", "correlationVector":"bCmOhj4XqCN8oRgzU6W7Yr.1","action":"SyncServerConnectionManagerRequest", "result":"SYNC_SERVER_OK", "context":{"environment":"Prod_southindia_prod-s01-004-apac-southindia", "migrationStage":"NotStarted", "server":"akswtt023000019"}}
{"logTime": "1202/103428", "correlationVector":"bCmOhj4XqCN8oRgzU6W7Yr.2","action":"Commit Response", "result":"Success", "context":Result: Success. cV=bCmOhj4XqCN8oRgzU6W7Yr.0;server=akswtt023000019;cloudType=Consumer;environment=Prod_southindia_prod-s01-004-apac-southindia;migrationStage=NotStarted}
